This is XeTeX, Version 3.14159265-2.6-0.999992 (TeX Live 2020/W32TeX) (preloaded format=xelatex 2021.1.24)  16 JUN 2021 01:10
entering extended mode
 restricted \write18 enabled.
 %&-line parsing enabled.
**example-ols.tex
(./example-ols.tex
LaTeX2e <2020-02-02> patch level 5
L3 programming layer <2020-03-06>
(f:/texlive/2020/texmf-dist/tex/latex/base/article.cls
Document Class: article 2019/12/20 v1.4l Standard LaTeX document class
(f:/texlive/2020/texmf-dist/tex/latex/base/size10.clo
File: size10.clo 2019/12/20 v1.4l Standard LaTeX file (size option)
)
\c@part=\count163
\c@section=\count164
\c@subsection=\count165
\c@subsubsection=\count166
\c@paragraph=\count167
\c@subparagraph=\count168
\c@figure=\count169
\c@table=\count170
\abovecaptionskip=\skip47
\belowcaptionskip=\skip48
\bibindent=\dimen134
) (./ols.sty)
(f:/texlive/2020/texmf-dist/tex/latex/graphics/epsfig.sty
Package: epsfig 2017/06/25 v1.7b (e)psfig emulation (SPQR)

(f:/texlive/2020/texmf-dist/tex/latex/graphics/graphicx.sty
Package: graphicx 2019/11/30 v1.2a Enhanced LaTeX Graphics (DPC,SPQR)

(f:/texlive/2020/texmf-dist/tex/latex/graphics/keyval.sty
Package: keyval 2014/10/28 v1.15 key=value parser (DPC)
\KV@toks@=\toks15
)
(f:/texlive/2020/texmf-dist/tex/latex/graphics/graphics.sty
Package: graphics 2019/11/30 v1.4a Standard LaTeX Graphics (DPC,SPQR)

(f:/texlive/2020/texmf-dist/tex/latex/graphics/trig.sty
Package: trig 2016/01/03 v1.10 sin cos tan (DPC)
)
(f:/texlive/2020/texmf-dist/tex/latex/graphics-cfg/graphics.cfg
File: graphics.cfg 2016/06/04 v1.11 sample graphics configuration
)
Package graphics Info: Driver file: xetex.def on input line 105.

(f:/texlive/2020/texmf-dist/tex/latex/graphics-def/xetex.def
File: xetex.def 2017/06/24 v5.0h Graphics/color driver for xetex
))
\Gin@req@height=\dimen135
\Gin@req@width=\dimen136
)
\epsfxsize=\dimen137
\epsfysize=\dimen138
)
(f:/texlive/2020/texmf-dist/tex/latex/algorithms/algorithm.sty
Invalid UTF-8 byte or sequence at line 11 replaced by U+FFFD.
Package: algorithm 2009/08/24 v0.1 Document Style `algorithm' - floating enviro
nment

(f:/texlive/2020/texmf-dist/tex/latex/float/float.sty
Package: float 2001/11/08 v1.3d Float enhancements (AL)
\c@float@type=\count171
\float@exts=\toks16
\float@box=\box45
\@float@everytoks=\toks17
\@floatcapt=\box46
)
(f:/texlive/2020/texmf-dist/tex/latex/base/ifthen.sty
Package: ifthen 2014/09/29 v1.1c Standard LaTeX ifthen package (DPC)
)
\@float@every@algorithm=\toks18
\c@algorithm=\count172
)
(f:/texlive/2020/texmf-dist/tex/latex/algorithmicx/algpseudocode.sty
Package: algpseudocode 

(f:/texlive/2020/texmf-dist/tex/latex/algorithmicx/algorithmicx.sty
Package: algorithmicx 2005/04/27 v1.2 Algorithmicx

Document Style algorithmicx 1.2 - a greatly improved `algorithmic' style
\c@ALG@line=\count173
\c@ALG@rem=\count174
\c@ALG@nested=\count175
\ALG@tlm=\skip49
\ALG@thistlm=\skip50
\c@ALG@Lnr=\count176
\c@ALG@blocknr=\count177
\c@ALG@storecount=\count178
\c@ALG@tmpcounter=\count179
\ALG@tmplength=\skip51
)
Document Style - pseudocode environments for use with the `algorithmicx' style
) (f:/texlive/2020/texmf-dist/tex/latex/amsmath/amsmath.sty
Package: amsmath 2020/01/20 v2.17e AMS math features
\@mathmargin=\skip52

For additional information on amsmath, use the `?' option.
(f:/texlive/2020/texmf-dist/tex/latex/amsmath/amstext.sty
Package: amstext 2000/06/29 v2.01 AMS text

(f:/texlive/2020/texmf-dist/tex/latex/amsmath/amsgen.sty
File: amsgen.sty 1999/11/30 v2.0 generic functions
\@emptytoks=\toks19
\ex@=\dimen139
))
(f:/texlive/2020/texmf-dist/tex/latex/amsmath/amsbsy.sty
Package: amsbsy 1999/11/29 v1.2d Bold Symbols
\pmbraise@=\dimen140
)
(f:/texlive/2020/texmf-dist/tex/latex/amsmath/amsopn.sty
Package: amsopn 2016/03/08 v2.02 operator names
)
\inf@bad=\count180
LaTeX Info: Redefining \frac on input line 227.
\uproot@=\count181
\leftroot@=\count182
LaTeX Info: Redefining \overline on input line 389.
\classnum@=\count183
\DOTSCASE@=\count184
LaTeX Info: Redefining \ldots on input line 486.
LaTeX Info: Redefining \dots on input line 489.
LaTeX Info: Redefining \cdots on input line 610.
\Mathstrutbox@=\box47
\strutbox@=\box48
\big@size=\dimen141
LaTeX Font Info:    Redeclaring font encoding OML on input line 733.
LaTeX Font Info:    Redeclaring font encoding OMS on input line 734.
\macc@depth=\count185
\c@MaxMatrixCols=\count186
\dotsspace@=\muskip16
\c@parentequation=\count187
\dspbrk@lvl=\count188
\tag@help=\toks20
\row@=\count189
\column@=\count190
\maxfields@=\count191
\andhelp@=\toks21
\eqnshift@=\dimen142
\alignsep@=\dimen143
\tagshift@=\dimen144
\tagwidth@=\dimen145
\totwidth@=\dimen146
\lineht@=\dimen147
\@envbody=\toks22
\multlinegap=\skip53
\multlinetaggap=\skip54
\mathdisplay@stack=\toks23
LaTeX Info: Redefining \[ on input line 2859.
LaTeX Info: Redefining \] on input line 2860.
)
(f:/texlive/2020/texmf-dist/tex/latex/multirow/multirow.sty
Package: multirow 2019/05/31 v2.5 Span multiple rows of a table
\multirow@colwidth=\skip55
\multirow@cntb=\count192
\multirow@dima=\skip56
\bigstrutjot=\dimen148
)
(f:/texlive/2020/texmf-dist/tex/latex/listings/listings.sty
\lst@mode=\count193
\lst@gtempboxa=\box49
\lst@token=\toks24
\lst@length=\count194
\lst@currlwidth=\dimen149
\lst@column=\count195
\lst@pos=\count196
\lst@lostspace=\dimen150
\lst@width=\dimen151
\lst@newlines=\count197
\lst@lineno=\count198
\lst@maxwidth=\dimen152

(f:/texlive/2020/texmf-dist/tex/latex/listings/lstmisc.sty
File: lstmisc.sty 2020/03/24 1.8d (Carsten Heinz)
\c@lstnumber=\count199
\lst@skipnumbers=\count266
\lst@framebox=\box50
)
(f:/texlive/2020/texmf-dist/tex/latex/listings/listings.cfg
File: listings.cfg 2020/03/24 1.8d listings configuration
))
Package: listings 2020/03/24 1.8d (Carsten Heinz)

(f:/texlive/2020/texmf-dist/tex/latex/graphics/color.sty
Package: color 2019/11/23 v1.2a Standard LaTeX Color (DPC)

(f:/texlive/2020/texmf-dist/tex/latex/graphics-cfg/color.cfg
File: color.cfg 2016/01/02 v1.6 sample color configuration
)
Package color Info: Driver file: xetex.def on input line 147.
)
(f:/texlive/2020/texmf-dist/tex/latex/listings/lstlang1.sty
File: lstlang1.sty 2020/03/24 1.8d listings language file
)
(f:/texlive/2020/texmf-dist/tex/latex/l3backend/l3backend-xdvipdfmx.def
File: l3backend-xdvipdfmx.def 2020-03-12 L3 backend support: xdvipdfmx
\g__graphics_track_int=\count267
\l__pdf_internal_box=\box51
\g__pdf_backend_object_int=\count268
\g__pdf_backend_annotation_int=\count269
)
(./example-ols.aux

LaTeX Warning: Label `alg:Framwork' multiply defined.


LaTeX Warning: Label `code' multiply defined.


LaTeX Warning: Label `alg:Framwork' multiply defined.


LaTeX Warning: Label `code' multiply defined.

)
\openout1 = `example-ols.aux'.

LaTeX Font Info:    Checking defaults for OML/cmm/m/it on input line 39.
LaTeX Font Info:    ... okay on input line 39.
LaTeX Font Info:    Checking defaults for OMS/cmsy/m/n on input line 39.
LaTeX Font Info:    ... okay on input line 39.
LaTeX Font Info:    Checking defaults for OT1/cmr/m/n on input line 39.
LaTeX Font Info:    ... okay on input line 39.
LaTeX Font Info:    Checking defaults for T1/cmr/m/n on input line 39.
LaTeX Font Info:    ... okay on input line 39.
LaTeX Font Info:    Checking defaults for TS1/cmr/m/n on input line 39.
LaTeX Font Info:    Trying to load font information for TS1+cmr on input line 3
9.
 (f:/texlive/2020/texmf-dist/tex/latex/base/ts1cmr.fd
File: ts1cmr.fd 2019/12/16 v2.5j Standard LaTeX font definitions
)
LaTeX Font Info:    ... okay on input line 39.
LaTeX Font Info:    Checking defaults for TU/lmr/m/n on input line 39.
LaTeX Font Info:    ... okay on input line 39.
LaTeX Font Info:    Checking defaults for OMX/cmex/m/n on input line 39.
LaTeX Font Info:    ... okay on input line 39.
LaTeX Font Info:    Checking defaults for U/cmr/m/n on input line 39.
LaTeX Font Info:    ... okay on input line 39.
\c@lstlisting=\count270

Underfull \hbox (badness 1460) in paragraph at lines 75--92
\TU/lmr/m/n/10 the face of these large optimization problems,
 []


Underfull \hbox (badness 1394) in paragraph at lines 75--92
\TU/lmr/m/n/10 traditional optimization methods transform the
 []


Underfull \vbox (badness 1629) has occurred while \output is active []


Underfull \vbox (badness 10000) has occurred while \output is active []

 [1


]
Underfull \hbox (badness 1122) in paragraph at lines 130--138
[]\TU/lmr/m/n/10 Reasons for research on population intelligence
 []

[2] [3]
File: G:/picture/论文/E遗传.png Graphic file (type bmp)
<G:/picture/论文/E遗传.png>

Overfull \hbox (3.31357pt too wide) in paragraph at lines 347--348
 [][] 
 []


Underfull \hbox (badness 10000) in paragraph at lines 355--355
[]\TU/lmr/bx/n/12 Population intelligence pre-
 []


Underfull \hbox (badness 1231) in paragraph at lines 355--355
\TU/lmr/bx/n/12 dictable: a framework for evo-
 []


Underfull \hbox (badness 3000) in paragraph at lines 357--357
[]\TU/lmr/bx/n/10.95 Single-solution evolutionary algo-
 []

[4]
Underfull \hbox (badness 2261) in paragraph at lines 434--437
\TU/lmr/m/n/10 steps based on the pheromone concentra-
 []


Underfull \hbox (badness 1789) in paragraph at lines 434--437
\TU/lmr/m/n/10 tion left by their companions in multiple
 []

[5]
File: G:/picture/论文/遗传E.png Graphic file (type bmp)
<G:/picture/论文/遗传E.png>

Underfull \vbox (badness 7308) has occurred while \output is active []


Overfull \hbox (30.46597pt too wide) detected at line 503
\OML/cmm/m/it/10 V[] \OMS/cmsy/m/n/10 ! \OML/cmm/m/it/10 !V[] \OT1/cmr/m/n/10 +
 \OML/cmm/m/it/10 c[]r[]\OT1/cmr/m/n/10 (\OML/cmm/m/it/10 PBest[] \OMS/cmsy/m/n
/10 ^^@ \OML/cmm/m/it/10 X[]\OT1/cmr/m/n/10 ) + \OML/cmm/m/it/10 c[]r[]\OT1/cmr
/m/n/10 (\OML/cmm/m/it/10 GBest[] \OMS/cmsy/m/n/10 ^^@ \OML/cmm/m/it/10 X[]\OT1
/cmr/m/n/10 ) (1)
 []

[6]
Underfull \hbox (badness 2277) in paragraph at lines 533--535
[]\TU/lmr/m/n/10 When the number of iterations all reach
 []

File: G:/picture/论文/粒子群E.png Graphic file (type bmp)
<G:/picture/论文/粒子群E.png>

Overfull \hbox (18.7463pt too wide) in paragraph at lines 539--540
 [][] 
 []

[7]
Missing character: There is no ： in font [lmroman10-regular]:mapping=tex-text;!

Underfull \hbox (badness 4279) in paragraph at lines 604--604
[]\TU/lmr/bx/n/10.95 Multi-solution optimization algo-
 []

File: G:/picture/论文/小生境E.png Graphic file (type bmp)
<G:/picture/论文/小生境E.png>
[8]
Overfull \hbox (33.51717pt too wide) detected at line 661
\OML/cmm/m/it/10 f\OT1/cmr/m/n/10 (\OML/cmm/m/it/10 x[]; x[]\OT1/cmr/m/n/10 ) =
 []
 []


Overfull \hbox (21.27173pt too wide) detected at line 689
\OML/cmm/m/it/10 P[]\OT1/cmr/m/n/10 (\OML/cmm/m/it/10 k\OT1/cmr/m/n/10 ) = []
 []


Overfull \hbox (7.36493pt too wide) detected at line 690
\OML/cmm/m/it/10 p[]\OT1/cmr/m/n/10 (\OML/cmm/m/it/10 k\OT1/cmr/m/n/10 ) : \OML
/cmm/m/it/10 The kth individual crossover probability:
 []


Overfull \hbox (13.30342pt too wide) detected at line 707
\OML/cmm/m/it/10 P[]\OT1/cmr/m/n/10 (\OML/cmm/m/it/10 k\OT1/cmr/m/n/10 ) = []
 []

[9]
Overfull \hbox (3.6724pt too wide) detected at line 732
\OML/cmm/m/it/10 minf[]\OT1/cmr/m/n/10 (\OML/cmm/m/it/10 x[]; x[]\OT1/cmr/m/n/1
0 ) = []  (5)
 []


Underfull \hbox (badness 2478) in paragraph at lines 777--777
[]\TU/lmr/bx/n/12 Population Intelligence Scalable:
 []


Underfull \vbox (badness 10000) has occurred while \output is active []

 [10]
Underfull \hbox (badness 1158) in paragraph at lines 826--852
\TU/lmr/m/n/10 3.probability distribution estimation, where the
 []


Underfull \vbox (badness 10000) has occurred while \output is active []

 [11]
Underfull \vbox (badness 2181) has occurred while \output is active []

 [12]
Underfull \vbox (badness 10000) has occurred while \output is active []

 [13]
Underfull \hbox (badness 1748) in paragraph at lines 1045--1048
[]\TU/lmr/m/n/10 [8] Zhao Ya-Qin, Zhou Xian-Zhong. A new
 []


Underfull \hbox (badness 3977) in paragraph at lines 1045--1048
\TU/lmr/m/n/10 method of Chinese text clustering based on
 []


Underfull \hbox (badness 4505) in paragraph at lines 1045--1048
\TU/lmr/m/n/10 small habitat genetic algorithm. Computer
 []


Underfull \vbox (badness 1082) has occurred while \output is active []

 [14]
Overfull \hbox (39.21292pt too wide) in paragraph at lines 1101--1102
[][][][][][][][][][][][][][][][][][][][][]  
 []


Overfull \hbox (6.13792pt too wide) in paragraph at lines 1102--1103
[][][][][][][][][][][][][][][][][][]  
 []


Overfull \hbox (12.21315pt too wide) in paragraph at lines 1126--1127
[][][][][][][][][][][][][]  
 []


Overfull \hbox (7.48817pt too wide) in paragraph at lines 1133--1136
[][][][][][][][][][][][][][][][][][][][]  
 []


Overfull \hbox (0.73807pt too wide) in paragraph at lines 1172--1174
[][][][][][][][][][][]  
 []


Overfull \hbox (64.86298pt too wide) in paragraph at lines 1177--1178
[][][][][][][][][][][][][][][][]  
 []


Underfull \vbox (badness 10000) has occurred while \output is active []

 [15]
Overfull \hbox (34.48788pt too wide) in paragraph at lines 1182--1184
[][][][][][][][][][][][][][]  
 []


Overfull \hbox (5.46307pt too wide) in paragraph at lines 1185--1186
[][][][][][][][][][][][][][]  
 []


Overfull \hbox (26.13794pt too wide) in paragraph at lines 1189--1190
[][][][][][][][][][][][][][][][][]  
 []


Overfull \hbox (6.56305pt too wide) in paragraph at lines 1271--1272
[][][][][][][][][][][][][][][][][]  
 []


Overfull \hbox (11.28806pt too wide) in paragraph at lines 1276--1278
[][][][][][][][]  
 []


Underfull \vbox (badness 10000) has occurred while \output is active []

 [16]
Overfull \hbox (18.713pt too wide) in paragraph at lines 1300--1301
[][][][][][][][][][][][][][][][][][]  
 []

[17

] (./example-ols.aux)

LaTeX Warning: There were multiply-defined labels.

 ) 
Here is how much of TeX's memory you used:
 3726 strings out of 479418
 53016 string characters out of 5888105
 560472 words of memory out of 5000000
 21203 multiletter control sequences out of 15000+600000
 536290 words of font info for 49 fonts, out of 8000000 for 9000
 1348 hyphenation exceptions out of 8191
 38i,8n,40p,876b,1642s stack positions out of 5000i,500n,10000p,200000b,80000s

Output written on example-ols.pdf (17 pages).
